2009/11/11，河北.尚义
读书：《把时间当朋友》14：00～16:47~18:04
吃晚饭：18:04 ~ 18:45菜难吃，边上的人喝酒声音大，我发火。有所收敛。
回家后继续看这本书。中途和清子爱语缠绵。
拿李的耳机听歌。保罗.麦卡特尼的『Dear Friend』非常感人。还有『Mary Had A Little Lamb』
看这本书一直到23:17，期间看了一下片，非常有感觉。但我潜意识中总认为这是荒谬并无趣的。至于感觉，只是大脑的错觉。
书看到100th页，只有30多页了，估计这也是自己最近读书中最快看完的一本书。而且还做了些笔记。

2009/11/12.河北.尚义
1.今天大雪，司机不敢出车。便没有去电厂。
2.留在家看《把时间当朋友》。8:50~11:40
3.顺便告诉李一些openPlant的知识，中午出去吃饭之前，将电厂震动系统的图画好。～12：30
4.吃完饭后去买了些网线。三个大脑将90M的网线最终剪成110M。
5.我拿着网线跑回宾馆。因为之前跟清子说过下午要去跑步。便这样应付了下。不过确实难受，凛冽的雪风吹得人透不过气来。
6.回到宾馆看《天葬――西藏的命运》，中途睡觉了，不知有多久。这本书之前是某博主推荐的。里面确实列举了很多关于西藏的事实，令人耳目一新，但其趣味性仍不敌李笑来的《把时间做朋友》。~18:07
7.晚上开始看《C++程序调试手册》，中途电视机打开，心思全无。便看电影《气喘吁吁》，觉得很乱。
8.00:06分睡觉。

2009/11/13.河北.尚义
1.一大早起来洗澡，洗衣服。8:20出去吃早餐.
2.回来看电视，记录了一道菜的做法.
3.继续看《C++调试手册》。
4.昨晚想着给ODBC写一些文档，只是一些想法。
5.大概10点到了现场，开始没事做，继续在那看《C++调试手册》，边打瞌睡。
6.四方人到，李甚喜。干活倍儿有劲，接水晶头，拉网线，啥都干。
7.我不慌不忙的将之前的振动接口装到接口机，这一折腾，就是一天。
8.中途跟清子聊了数语，不欢而散。
9.高中时同学周晴居然马上侦查到我到河北的迹象。有点感慨。他觉得我这样很爽，我继续感慨。
10.回家后跟四方的那哥们一起吃了饭，来这里第一次喝了点啤酒。实在不行，到最后终于开始嗓门高起来。
11。回到宾馆，跟四方哥们沟通了下工作上的事便各自忙去了。
这一天的破事：
1. 关于OPC配置文件：
在调试OPC时，当你写配置文件时，记得在node上给它放一个值，该值表明你要更新的点的父节点在RTDB中的ID。
2. 关于隔离器正确性检测：
当存在隔离器时，要测试各个机器的连通性，不能只用简单的ping就能搞定。咱们有相应的udp包测试工具，通过一方发包一方收包的方式来检测隔离器是否配置正确。其中还有一个细节就是，当你配置好隔离器时，一般都会在相应的IP地址上配置一些端口号(至少一个)，当某个端口号被配置成隔离器中的端口时，用UDP包测试程序就不能往这些端口上发送数据。今天的经验就是，在将RTDB配置好隔离器后(在隔离器中指定8200端口)，RTDB一直启动，这样，8200端口就被RTDB占用，所以用UDP包测试工具测试隔离器时，就会说端口侦听错误；当将RTDB停止后，就可以顺利的侦听相应端口并发送UDP包。
3.莫名其妙的问题：
今天工作即将结束的时候，发现opc版本的opcdas突然界面上没有数据更新了。重新打开AcentOpc服务器看了下，确实有数据在更新，然后再次打开opcdas时，是用的另外一个文件夹中的opcdas，发现有数据更新了，但在数据库的数据一览中上还是看不到数据更新，甚急。后来将node的值改成7(因为振动的节点ID为7)，然后再次到数据一览中看，终于可以看到数据。大喜。基于好奇，用原来的opcdas打开，TND，居然也有数据更新，怪了！仔细一比较这两个opcdas，居然是同一个文件!难道是因为重新打开AcentOpc的缘故？
另外还有，当你对配置文件中node的name属性命名时，就不会有数据更新(具体是没数据更新还是压根就看不到点列表，待定，)肯定也没有数据写入到RTDB，这就奇怪了，分别用中文和ASCII对name属性命名，还是同样的下场。鉴于接车的阿姨已到，灰溜溜的回家了。

2009/11/14 河北.尚义
1. 一大早就起来。去电厂。 ~8:40
2. 将昨晚没做完的OP文件写完，大概用了下Excel的宏函数，很强大，但自己还不知道具体用法。只是抄袭程的那个。  ~10:00
3. 跟欧阳敏聊天，向他推荐了pongba,xuyou等牛人。  ～10：41
4.之后的时间，开始和白工调接口。中途，吃饭，下午数据出现更新，几经调整，又不正常。下午的时候将接口放到接口机。同样，数据有更新，但不会写进数据库。这个问题很严重，后来居然是最后一个数据才有更新，为何？跟杨大师讲了下，他也意识到不是第一个就是最后一个才有数据更新。他指示我继续看报文。可我怎样截取到报文呢？接口程序从另一个机器的端口上读取报文，然后解析，往数据库的8200端口上写数据。就这么个流程。

2009/11/15 河北.尚义
1.今天出去的很晚。9点的时候在车上啃掉两肉包。
2.一上午的时间，将数据写进了数据库。另外也可以截取下来报文了。之前的ID不对，故写不进数据库。
3.下午将震动的画面弄了下，画面上有数据更新了。
4.李湘用delph来调用opapi，几经磨难，未果。问了下杨大师，说是没有提供delph的示例。按理说，动态库在windows上都是可以调用的。发邮件给了他，至今未果。
5.李一心想用delph把数据从GE系统中取过来。这中间就碰到调用API出错的问题。其实一个简单的办法就是他用delph将数据读出来，写到某个IP的某个端口，然后用C写个程序，从该IP的端口上读数据，读到数据后，写进数据库，速度上不会有多大影响。
6.夜听张国荣，种种情怀。也许他是我喜欢的男子。狂野不羁，气质潇洒。

2009/11/16 河北.尚义
1.写一天的代码，总共200行左右。调试之，除了几处错误，尚未发现疑难杂症。
2.疑点： char *c = (char *)malloc(1024); free(c);这样做为何会报运行时错误?
3.疑点:在C里面，数组下标必需为常量，在C++里面也是这样么？
4.需要处理的事：程序中的一些处理，值得做一些总结。
5.头疼，很久没这样子了。估计还不适应高强度的代码编写。脑子累了，干啥都慢，而且难受。
6.跟李讨论一个程序中线程数量的限制。归根结底就是操作系统换页机制的问题。线程多了，换页次数的增加应该是不可避免的。但机器时间已经非常便宜了，相对于愚钝的人类大脑，该干的活交给机器办吧。
7.2005的编译器中也不能在下拉菜单中选择编译选项，必须点击configuration manager，在其中的configuration中选上release或debug才能实现两者的切换，直接下拉选是选不上的，基本无用。而在vc6中是没有manager这个按钮的。

2009/11/17 河北.尚义
1.一大早来这边把昨天的接口程序给装上。发现错误，说是没有正确配置。之前也遇到过这个问题。上网搜索了下，自己曾经在CSDN发过一贴。大概知道是接口机上没有装.netframework的缘故。上网下了个，装好后，程序运行。
2.也想过用VC6来运行，但是组织工程的时候，爆出很多错误。估计是工程设置问题。VS2005估计是把.netframework里面的一些东西编译进去了。

2009/11/18 河北.尚义
1. 1号主变数据显示为0的问题基本定位：104报文只收到前面的一部分，后部分未收到，为清空时的0值。
2. 早就不满opcdas这套程序了。今天终于操刀重写之。把握还是比较大的.
3. 所谓的地热，就是在地板下铺设暖气。成本不小。今天又搬家，这里没网络，有地热。
4. 在VS2005Z中，用int指针指向unsigned int的引用时，会爆出一个与int 64相关的错误，注意，是错误，不是警告.
5.跟一硬件厂商的工程师一起吃饭。江西籍，已婚，父龄8个月，健谈，不拘一格。开公司的中华车出差，车速慢，打灯有素质。喜吃少食盐食物。住红雅宾馆。
6. 上班期间，另一厂商工作人员叫我帮他搬电池。拒之，自己太忙了，窜上跳下的。
7. GE风机上的程序跑了一天，李提心吊胆。
8. 终于在自己D盘下开了个工作区间，并层层细分。这样条理清晰，便于大脑处理。
9. 这一天什么书也没看，写程序到凌晨2点。

2009/11/19 河北.尚义
1.调试了一天的104程序，自己写的。非常不幸，好像他也不能很好的工作。大概症状是它接收不到遥信报文，或者说它请求不到遥信报文。虽然遥测报文都有，但那并不是我想要的遥信报文。虽然我还没能确认它接收到的报文就是远动机发送的报文。反正它不够理想。
2.可是之前的opcdas却能接收到理想的报文，只是它缺少一些东西。
3.这两天都没跟清子说话。倒也好。

2009/11/20 河北.尚义
1.晚上想了想，应该先看看104规约，再做决定.
2.用自己的104接口跑一下，看发送端发送的都是些什么。
3.很有可能是远动机的配置有问题。
4.零点五十七分的时候，弟弟发信息说生日快乐。我也是一大早起来才发现这个日子和这条信息的。
5.由于修改了自制104接口的配置文件，将其的连接属性改成了UDP，在编译时，通过。但运行时报错，说是socket类型错误。这下奇怪了。
6.104上的数据总算正常了。原因是TCP在接收数据时，没有接收完整。于是便出现后面部分的0值。只需要判断下接收字符即可。王稍作修改如下：
        int CTcpConnect::receive(char * recvBuf , int numToRecv)
        {
        	int recvNum = numToRecv;
        	int printNum = numToRecv;
        	do 
        	{
        		int rv = m_tcpConnect.Recv(recvBuf, &recvNum);
        		if(rv < 0) {
        			TRACE("Recv Error! Error code:%d\n", WSAGetLastError());
        			return -1;
        		}
        		recvBuf += recvNum;  	    /* recv缓冲区偏移，继续接收未完成的字节 */
        		numToRecv -= recvNum;	/* 继续接收字节 - 已接收字符 */
        		recvNum = numToRecv;	    /* 剩余的未接收字符 */
        	}while(recvNum > 0);		        /* 若尚有剩余字符未接收，继续接收字符 */

        	logout((unsigned char *)recvBuf - printNum, printNum, 0);	/*  */ 
        	return 0;
        } 
7. 跟清子说我今天生日，她竟然很是惊讶。连说道歉的话。倒让我觉得自己多事。
8. 自己情绪不好时，什么事也别做。更不要跟别人在一起。自己走开一下即可。
9. 所见所闻：#NASM compiler#pango#数据存储#数据通信{网络}#事件控制(进程/线程)#界面#各种工具代码的使用，如*.xml,*.txt文件读取以及编写。

2009/11/21 河北.尚义
1. 把系统上的字体给换了，给图标的字图改成7号的微软雅黑字体。这样，整个系统像变了样，非常爽。
2. 变电站的ID没有配正确，导致在IECDAS上可以看到数据更新，但在画面上却看不到数据更新。改正ID后，基本的画面点都有值了。只是一些数据没有送过来。暂时显示为0值。
3. 一大早，大概是六点五十左右，起床看UNP第一卷，其中的TCP和UDP看了点，觉得自己真的什么都不懂。还整天嚷嚷着写网络程序。
4. 阿维纳什・K・迪克西特、巴里・J・奈写的《策略思维》还是挺有意思的，只是大概的看了下第一章，就觉得受益匪浅。这是本耗脑子的书，虽然里面所说的都是简单的事情。

2009/11/22 河北.尚义
《出来乍道》
《微不足道》
《被告人》
《出租车司机》
《安娜与国王》
《纽约纽约》
《纽约黑帮》
《愤怒的黑牛》
《太阳浩劫》
《豚鼠特工队》
《现代启示录》

2009/11/23 河北.尚义 
又休息一天，之前忙了半个月，这算是调休吧.
大概是在家睡觉了。
看了些UNPVol_1，还好。

2009/11/24 河北.尚义
四方那哥们又来了，之前变电站的系数以及几个点的配置有问题。
人肉计算了一天，到下午晚点的时候，变电站基本没问题。画面的数据也正常了。
非常的想念清子。我想这样，我会心情好点。哪怕这并不怎么现实。
看完了UNPVol_1的第二章，收获还是挺多的.

2009/11/25 河北.尚义
1. 我大概已经开始厌倦周边的一切，工作只是留下来的接口，几个月之前的预言，言中。
2. 我不在只是想念清子，那个叫做una的女子。我开始思考一些东西，这便算是我这些年来的些许成熟兼恐惧。我期望着一段爱情，这中间的欺骗和背叛我想我早已见识过，我不期望这些魔鬼会消失，我只期望不要再成为它们的俘虏。
3. 愿上帝保佑我和尤娜，不要被魔鬼纠缠。
4. 愿我可以安静的度过这段日子。
5. 任何在VS中编写GTK的程序，使得其可以运行。
6. 可不可以使得自己情绪不那么激动？
7. 安静和沉默算不算弱者的一种自我保护？相对于情绪激动，这算不算一种假装的强大?

2009/11/26 河北.尚义
1.调试了一天的测风塔的OPC，未果。丧气而归。
2.给清子的衣服和移动硬盘付款。
3.尤娜说我是一种习惯.如果习惯的力量真那么强大的话...
4.而尤娜要成为我的女巫。想法果然不一样。
5.隔壁的男女鱼水声大。晚上睡不着。
6.这几天看『密战』，还真有点上瘾。今天的剧情中，秦处长好像牺牲了。
7.从今天的剧情中，我也看到了，人不犯错，往往是因为诱惑不够。

2009/11/27 河北.尚义
1. OPC调试通过，一边加点、导点、写配置文件，忙的不亦乐乎，还把图给搞定了。
2. 在写OPC的xml配置文件时，记得将DataSource的name属性改成OPC服务器端的名字，这样是为了帮助OP-OPC(作为客户端)找到相应的OPC服务器。
3. 在昨天王军给的那个modbus的代码中，工程树中有很多个文件夹，这样，如果只编译其中的一个接口，记得将其属性改成『exclude...』，并将其上面的一个属性全部钩掉，不管是否编译.
4. 这阵子，折腾着VC6，也摸索出点门道，至少知道怎么个设置一些编译选项。
5. 下午2点的时候，我这边的事算是基本完毕，饿着肚子在那等李完事。他正折腾网页的主画面。其实这些用户并不怎么需求，只是他们公司的一些想法，这样，凭空想出来的需求，害我(至少是我)在这饿肚子。

2009/11/28 河北-北京-上海
1. 一天的车程，一路昏睡。体会到了没带书，空白大脑的痛苦滋味。

2009/11/29 上海
1. 抵达上海，还是感觉这里好。
2. 这里已经是冬天，冷得很。
3. 多数时候我都在想着尤娜。她说早晨我到时要给电话的。可是没有。但我并不在意。
4.原来昨晚她在公司睡的。
5.跟汤他们一起吃饭，下午玩游戏。晚十点归。
6.家里已经整理差不多了。接下来的事情就是囤积食物。

2009/11/30 上海
1. 用公司的unilog，把这几个警告4244;4996;4267去掉，使得编译干净.
2. 虫子父亲去世。
3. 尤娜在08年的时候就发过信息给我。
4. 在网上买了5双袜子，合计45元。
6. 今天没看UNP。

2009/12/1 上海
1. 临时出差。去尚义。
2. 准备好一些东西。
3. 一定带本书，带漱口的杯子，带耳机，带充电器，带移动硬盘。
4. 借金700元。

2009/12/2 尚义
1. 抵京后在永和啃油条。只需2根就吃不动了。
2. 到达尚义后，以为直接去电厂。李打电话叫我在电厂路口等他。这样便直接补票到宾馆。

2009/12/3 尚义
1. 一大早就去附近的车站坐车。
2. 吃早餐的时候，听说那有米粉吃。心想，多年没吃米粉了。
3. 忙了一天。具体说来就是对点。以前看的几个正则表达式，全忘。甚悔恨。
4. 晚上实在累，上QQ。没想尤娜手机坏。她火很大，我有点不快。
5. 听新闻说到2020年建立全民健康档案。咱等着。
6. 索马里首都发生恐怖袭击。毕业生典礼上，丢了三位过渡性部长。心想，数目和质量都还好，人家要的就是这效果。
7. 08年4月的胶济铁路案终审。一些小虾米规律性遭罪。每次惩罚的都是小虾米，大鱼们不痛不痒。
8.心想还是把ODBC做完，啥事都不想。
9.早餐(9)，买毛巾(4)

2009/12/4 尚义
1. 今天尚义大暴雪。
2. 对点，画图，这便是一天。
3. 今天尤娜没有音讯。
4. 装上QT，跑了几个程序，还行。得用下去。
5. 如果要一碗羊汤，吃完再来一份拉面。味道不错。
6. 用UE来修改画面上的点，速度十分快。
7. 早晨坐车(16)，早餐(11),下午坐车(16)。

2009/12/5 尚义
1. 今天开始大量的上数据。
2. 其余风机的画面基本用UE搞定。
3. 隔壁男女欢愉，几度醒来。

2009/12/6 尚义
1. 昨天画的画面，今天还是有些细节没注意到。
2. gbuilder的几点缺陷： 组合的几条线不能改变线条;同时打开的画面如果分辨率不一样，其中一张会被"曲解".
3. vector的clear动作会导致程序文件14kb大小的空间消耗.
4. 内存泄漏不一定是因为开闭和回收动作不配对。有时候容器内容不清除，一直往其中写数据，也会导致内存泄漏.
5. 每天记录自己的开销真的有点难。比每天记事都难。
6. 我想，尤娜应该很生气了。大概我只是在拖延。

2009/12/7 尚义
1. 重新画了缩略图的画面，用1024*768的分辨率，拥挤下，基本还行。
2. 将GE的程序修改了下日志记录，令人惊讶的是，解析基本不耗费时间，大部分时间都用来从UDP套接字接收数据。
但是如果将数据包用全1初始化，然后在本机发送，时间只有1/10左右。难道是数据包内容的问题？实际接口机上也
是往本机发送，为何时间差别这么大？
3.修改了风机数据计算的程序，将小王之前提到的问题一一修正，新增平均数计算功能，尚未添加日志。

2009/12/8 尚义
1. 自己没什么事，开始做ODBC的一些东西。
2. 之前碰到的一个问题是，明明将头文件包含进来了，但编译时就是说找不到其定义。非常恼火，
一度想改写成C++代码，甚至想将头文件包含层次结构一一理出来。后来的问题出现了，原来自己
防止头文件多次包含的宏跟另一个头文件中的宏重名，导致另一个头文件死活也编译不进来，进而
导致找不到定义。这里的教训是，任何防止头文件多次包含的宏定义，必须跟文件名一致，这样就
不会导致多个头文件的宏定义重名，也就不会出现这种低级而恼火的错误了。

2009/12/9 尚义
1. 还是编译QT你档子事，基本算是过去了，修改了下VS中QT的路径，算是基本可用.
2. 在机房编了大半天的解析代码。自己觉得还有很多需要做。

2009/12/10 尚义
1. 继续在机房无所事事。看了些QT的东西，之前的一些代码都在VS中编译过了。
2. 没碰解析的事，这东西确实需要心情和精力。
3. 心想unbuntu还是得用上，明天去机房那边把能用的更新统统下载下来。
4. 必须学会gcc。
5. 一下子觉得自己对QT失去了兴趣，不过凡事需要坚持下去。

2009/12/11 尚义
1. 由于OPC上数据更新慢，导致总在bad和goog之间跳变。杨大师更换了个openPlant.exe，覆盖过去后，重启服务和数据库，一切更新正常。
2. 更新了ubuntu上的一些软件，花了不少时间，有些还没能更新上。
3. 再次跟尤娜联系上。

2009/12/12 上海
1. 准备看下『C++编程语言』,复习下C++文化.

2009/12/18 上海
1. UDP的缓冲区不要超过64k(65536 byte)，尽管接收到的字节数不会超过64k
2. 宏函数的调用时，尽量不要在里面嵌套函数调用作为宏函数参数。
3. printf在打印时并不安全。一定要确保数据个数、类型以及其它编译器不会检查的错误。如打印string类型，但变量上没有加.c_str()，那么恭喜，你的程序会莫名退出。

2009/12/20 上海
1. 澳门回归10年。
2. 晚上跟他们玩游戏。
3. 看TCPL，继续下去。

2009/12/23 上海
需要做的一些事：
1. 先把手上的工作做好.
2. 网络/多线程/C++学习.
3. 工具使用: Excel, GCC, Tex, QT
4. 跟李洪波联系数据库坏点的事。自己把责任推给了杨，这样不厚道。还让别人觉得咱公司的领导不热情。同时让别人也觉得，对自己的产品，领导也一副不耐烦的样子。
5. 这几天晚上老是跟他们玩游戏，搁置了很多事情没做。

2009/12/27 上海
1.圣诞过了。虫子去了趟扬州。
2.北斗那边死活要折腾个界面出来查看风机状态。我边看QT，边叫汤帮着我弄下。
3.QT的基本环境是配置起来了。但还是存在以下问题:
	# 界面很不协调，如何通过在代码中设置相关参数使得界面元素不那么惹人怀疑？
	# 关于表格(QTableView)中的数据如何填充？对于某些数据，如何使得其底色变成相应的颜色？
	# 关于在VS中编译生成的EXE，如何部署，使得其可以在windows上双击运行？
	# 如何改变exe的图标?
	# 如何保存lineEdit以及combox中上一次(上几次)的输入数据?
	
2009/12/31 上海
1.基本把手头的活弄完。报警那边的还是给java做了.
2.这几天跟una都混的很熟了。
3.虫子生病.
4.明天元旦.

2010/1/1 ShangHai
1. tar -zxvf

2010/1/19 上海
1.移动硬盘坏掉。资料几乎全丢。
2.来汤这边玩游戏，名正言顺的来.
3.晚些时候una来信。诈之.
4.小组会议，自己手中的工作得分出来，大家共享之.

2010/1/20 上海
1. 对于英文版的XP，在控制面板中选择安装东亚语言选项即可自动安装中文支持，无需下载。重启后即可显示中文.

2010/1/21 上海
1. 去掉所有结构体中的复杂定义，但保留代码中结构体的定义――后果是2039号错误巨爆.
2.之前用bison处理.y文件爆出的警告，经由yacc处理后，警告消失.
3.在VS的C编译器中，如果函数的参数有问题，则编译器会忽略该参数，认为函数调用缺少相应参数个数.(???)

2010/1/23 上海
1. unbuntu系统在系统启动后就会有一大堆新的更新跳出来.
2. ubuntu简明教程:
	ext文件系统『越用越高效』.
	并不是所有的文件复制移动命令马上都会在磁盘上生效，而是暂时先放在由内存形成的磁盘缓冲区中。
	
2010.1.31.ShangHai
cat [param] [filename]
	-b: 只对非空行显示行号
	-E: 在每行结束时显示$字符
	-n: 对所有行显示行号
head [param] [filename]
	-c N：显示前(后)N字节的内容
	-n N: 显示前(后)N行的内容
mv [param] [src_filename] [dir_pos + dst_filename]
		若不给dst_filename，则默认不改名
	-b: 若目的文件存在(即重名)，那么就创建一个备份
	-f: 强行移动，当目的文件已经存在时，覆盖该文件.默认选项
	-i: 和-f相反，一旦要覆盖，先询问是否要覆盖
	-u: 更新移动，只有在源文件比目的文件最后修改日期晚或者目的文件不存在时才移动。
	tips: linux下似乎没有文件更名的命令，用mv可以给文件重命名: mv src_filename src_filename1;
cp [param] [src_filename]
	mv命令的所有参数对cp都适用
	-H: 复制文件时，若碰到链接，就连同链接指向的源文件一起复制
	-l: 并不复制文件，只是建立相应的硬链接.
	-L: 更从符号链接一同复制。如果复制的时候符号链接断开(被链接的文件不在当前当前目录下的情况下修复这个链接)
	-p: 复制的时候连同所有属性都复制，包括最后修改时间等。一般复制的时候，最后修改时间是复制时的时间。
	-P: 和-L相反，如果符号链接断开则强行复制。
	-r -R: 复制整个目录树
	-s: 只建立相应的符号链接。

无所惧，无所依
无所惧，便无所争，无所依，便无所求。
人所依者，温饱，而后学识。余皆累赘。
人所惧者，依之不存。视当下，唯德才见短。

生命的本质在于朴素。
工作，生活，学习，朴素为规，简单为矩。此乃方圆之道。

内心平静，才能头脑清醒，不为情绪所控。
疲惫时，睡觉。不找刺激来激发大脑，那只是麻醉，接下来是更疲惫。 睡觉是最好的休息方式.

2010.2.1 ShangHai
odbc: 在语法文件中存在的一些结构体以及变量只是一部分，大部分postgres中已有结构体是为了分析语法链表而存在的。所以精简语法文件对现有代码规模并不会有质的改变。
linux: startx在ubuntu虚拟机进入字符界面时，进不了x界面.
	
2010.2.7 Shanghai
google doc还行，比较好用
过年回家，准备带的东西： 换洗衣服，钱，T60。 弄点linux的东西回去。带几个包回去拉辣椒。
打水的时候，突然想到习惯的问题。不只是生活习惯，还有其他的，比如，思维的，工作上的，等等。牵扯到习惯，就应该养成良好的习惯。

2010.3.18 ShangHai
1. 最近几天都是压抑的几天，自己还是不够淡定.情绪波动很大,唯恐自己为大家所遗弃.
2. 渐渐会迷茫起来，自己真的想强大起来，但是我什么也拿不起，什么都不愿放下.
3. 这几天都要听与人乐队和李志的音乐，用以发泄内心的不快.